<?xml version="1.0" encoding="UTF-8"?>
<!-- Generated by org.testng.reporters.JUnitReportReporter -->
<testsuite hostname="chethan-VirtualBox" failures="0" tests="1" name="com.example.selenium.AddHotel" time="2.769" errors="0" timestamp="26 Sep 2021 04:36:03 GMT" skipped="0">
  <testcase classname="com.example.selenium.AddHotel" name="Add" time="2.769"/>
</testsuite> <!-- com.example.selenium.AddHotel -->
