<?xml version="1.0" encoding="UTF-8"?>
<!-- Generated by org.testng.reporters.JUnitReportReporter -->
<testsuite hostname="chethan-VirtualBox" failures="0" tests="1" name="com.example.selenium.addHotelTest" time="3.198" errors="0" timestamp="10 Nov 2021 11:06:06 GMT" skipped="0">
  <testcase classname="com.example.selenium.addHotelTest" name="Add" time="3.198"/>
</testsuite> <!-- com.example.selenium.addHotelTest -->
