<?xml version="1.0" encoding="UTF-8"?>
<!-- Generated by org.testng.reporters.JUnitReportReporter -->
<testsuite hostname="chethan-VirtualBox" failures="0" tests="1" name="com.example.selenium.searchHotel" time="1.751" errors="0" timestamp="26 Sep 2021 04:36:26 GMT" skipped="0">
  <testcase classname="com.example.selenium.searchHotel" name="Search" time="1.751"/>
</testsuite> <!-- com.example.selenium.searchHotel -->
