<?xml version="1.0" encoding="UTF-8"?>
<!-- Generated by org.testng.reporters.JUnitReportReporter -->
<testsuite hostname="chethan-VirtualBox" failures="0" tests="1" name="com.example.selenium.searchHotelTest" time="2.146" errors="0" timestamp="10 Nov 2021 11:07:15 GMT" skipped="0">
  <testcase classname="com.example.selenium.searchHotelTest" name="Search" time="2.146"/>
</testsuite> <!-- com.example.selenium.searchHotelTest -->
